[2025-11-27 14:58:04,654: INFO: main: Welcome to my custom log]
[2025-11-27 15:00:29,451: INFO: main: Welcome to my custom log]
[2025-11-28 12:42:19,570: INFO: common: YAML file config\config.yaml loaded successfully]
[2025-11-28 12:42:19,573: INFO: common: YAML file params.yaml loaded successfully]
[2025-11-28 12:45:36,711: INFO: common: YAML file params.yaml loaded successfully]
[2025-11-28 12:47:22,385: INFO: common: YAML file params.yaml loaded successfully]
[2025-11-28 12:47:31,720: INFO: common: YAML file config\config.yaml loaded successfully]
[2025-11-28 12:47:31,724: INFO: common: YAML file params.yaml loaded successfully]
[2025-11-28 12:47:31,726: INFO: common: created directory at: artifacts]
[2025-11-28 12:47:31,728: INFO: common: created directory at: artifacts/data_ingestion]
[2025-11-28 12:47:33,721: INFO: 4037744573: artifacts/data_ingestion/data.zip download! with following info: 
Connection: close
Content-Length: 11616915
Cache-Control: max-age=300
Content-Security-Policy: default-src 'none'; style-src 'unsafe-inline'; sandbox
Content-Type: application/zip
ETag: "adf745abc03891fe493c3be264ec012691fe3fa21d861f35a27edbe6d86a76b1"
Strict-Transport-Security: max-age=31536000
X-Content-Type-Options: nosniff
X-Frame-Options: deny
X-XSS-Protection: 1; mode=block
X-GitHub-Request-Id: 8EE0:381C2A:195EDF:28604B:69294C81
Accept-Ranges: bytes
Date: Fri, 28 Nov 2025 07:17:33 GMT
Via: 1.1 varnish
X-Served-By: cache-del21734-DEL
X-Cache: MISS
X-Cache-Hits: 0
X-Timer: S1764314252.214926,VS0,VE938
Vary: Authorization,Accept-Encoding
Access-Control-Allow-Origin: *
Cross-Origin-Resource-Policy: cross-origin
X-Fastly-Request-ID: 0b4aa40a81986a78b7d1ed923b657d59309fd2d1
Expires: Fri, 28 Nov 2025 07:22:33 GMT
Source-Age: 1

]
[2025-12-02 15:57:15,365: INFO: common: YAML file config\config.yaml loaded successfully]
[2025-12-02 15:57:15,386: INFO: common: YAML file params.yaml loaded successfully]
[2025-12-02 15:57:15,386: INFO: common: created directory at: artifacts]
[2025-12-02 15:57:15,388: INFO: common: created directory at: artifacts/data_ingestion]
[2025-12-02 15:57:15,388: INFO: 4037744573: File already exists of size: ~ 11345 KB]
[2025-12-02 16:04:27,790: INFO: main: >>>>>> Data Ingestion Stage started <<<<<<]
[2025-12-02 16:04:27,791: INFO: common: YAML file config\config.yaml loaded successfully]
[2025-12-02 16:04:27,791: INFO: common: YAML file params.yaml loaded successfully]
[2025-12-02 16:04:27,791: INFO: common: created directory at: artifacts]
[2025-12-02 16:04:27,791: INFO: common: created directory at: artifacts/data_ingestion]
[2025-12-02 16:04:27,791: INFO: data_ingestion: File already exists of size: ~ 11345 KB]
[2025-12-02 16:04:28,136: INFO: main: >>>>>> Data Ingestion Stage completed <<<<<<

x==========x]
[2025-12-02 16:12:10,689: INFO: common: YAML file config\config.yaml loaded successfully]
[2025-12-02 16:12:10,702: INFO: common: YAML file params.yaml loaded successfully]
[2025-12-02 16:12:10,705: INFO: common: created directory at: artifacts]
[2025-12-02 16:16:31,554: INFO: common: YAML file config\config.yaml loaded successfully]
[2025-12-02 16:16:31,556: INFO: common: YAML file params.yaml loaded successfully]
[2025-12-02 16:16:31,558: INFO: common: created directory at: artifacts]
[2025-12-02 20:13:13,277: INFO: common: YAML file config\config.yaml loaded successfully]
[2025-12-02 20:13:13,303: INFO: common: YAML file params.yaml loaded successfully]
[2025-12-02 20:13:13,312: INFO: common: created directory at: artifacts]
[2025-12-02 20:14:05,352: INFO: common: YAML file config\config.yaml loaded successfully]
[2025-12-02 20:14:05,358: INFO: common: YAML file params.yaml loaded successfully]
[2025-12-02 20:14:05,361: INFO: common: created directory at: artifacts]
[2025-12-02 20:14:05,363: INFO: common: created directory at: artifacts/prepare_base_model]
[2025-12-02 20:15:29,058: WARNING: saving_api: You are saving your model as an HDF5 file via `model.save()` or `keras.saving.save_model(model)`. This file format is considered legacy. We recommend using instead the native Keras format, e.g. `model.save('my_model.keras')` or `keras.saving.save_model(model, 'my_model.keras')`. ]
[2025-12-02 20:15:29,771: WARNING: saving_api: You are saving your model as an HDF5 file via `model.save()` or `keras.saving.save_model(model)`. This file format is considered legacy. We recommend using instead the native Keras format, e.g. `model.save('my_model.keras')` or `keras.saving.save_model(model, 'my_model.keras')`. ]
[2025-12-04 15:38:58,436: INFO: main: >>>>>> Data Ingestion Stage started <<<<<<]
[2025-12-04 15:38:58,456: INFO: common: YAML file config\config.yaml loaded successfully]
[2025-12-04 15:38:58,477: INFO: common: YAML file params.yaml loaded successfully]
[2025-12-04 15:38:58,480: INFO: common: created directory at: artifacts]
[2025-12-04 15:38:58,480: INFO: common: created directory at: artifacts/data_ingestion]
[2025-12-04 15:38:58,483: INFO: data_ingestion: File already exists of size: ~ 11345 KB]
[2025-12-04 15:38:59,333: INFO: main: >>>>>> Data Ingestion Stage completed <<<<<<

x==========x]
[2025-12-04 15:38:59,333: INFO: main: >>>>>> Prepare Base Model started <<<<<<]
[2025-12-04 15:38:59,338: INFO: common: YAML file config\config.yaml loaded successfully]
[2025-12-04 15:38:59,338: INFO: common: YAML file params.yaml loaded successfully]
[2025-12-04 15:38:59,338: INFO: common: created directory at: artifacts]
[2025-12-04 15:38:59,338: INFO: common: created directory at: artifacts/prepare_base_model]
[2025-12-04 15:39:00,482: WARNING: saving_api: You are saving your model as an HDF5 file via `model.save()` or `keras.saving.save_model(model)`. This file format is considered legacy. We recommend using instead the native Keras format, e.g. `model.save('my_model.keras')` or `keras.saving.save_model(model, 'my_model.keras')`. ]
[2025-12-04 15:39:00,878: WARNING: saving_api: You are saving your model as an HDF5 file via `model.save()` or `keras.saving.save_model(model)`. This file format is considered legacy. We recommend using instead the native Keras format, e.g. `model.save('my_model.keras')` or `keras.saving.save_model(model, 'my_model.keras')`. ]
[2025-12-04 15:39:01,143: INFO: main: >>>>>> Prepare Base Model completed <<<<<<

x==========x]
[2025-12-04 15:43:41,149: INFO: common: YAML file config\config.yaml loaded successfully]
[2025-12-04 15:43:41,156: INFO: common: YAML file params.yaml loaded successfully]
[2025-12-04 15:43:41,158: INFO: common: created directory at: artifacts]
[2025-12-04 15:43:41,163: INFO: common: created directory at: artifacts\prepare_callbacks\checkpoint_dir]
[2025-12-04 15:43:41,169: INFO: common: created directory at: artifacts\prepare_callbacks\tensorboard_log_dir]
[2025-12-04 15:48:39,641: INFO: main: >>>>>> Data Ingestion Stage started <<<<<<]
[2025-12-04 15:48:39,646: INFO: common: YAML file config\config.yaml loaded successfully]
[2025-12-04 15:48:39,649: INFO: common: YAML file params.yaml loaded successfully]
[2025-12-04 15:48:39,649: INFO: common: created directory at: artifacts]
[2025-12-04 15:48:39,652: INFO: common: created directory at: artifacts/data_ingestion]
[2025-12-04 15:48:39,653: INFO: data_ingestion: File already exists of size: ~ 11345 KB]
[2025-12-04 15:48:40,155: INFO: main: >>>>>> Data Ingestion Stage completed <<<<<<

x==========x]
[2025-12-04 15:48:40,155: INFO: main: >>>>>> Prepare Base Model started <<<<<<]
[2025-12-04 15:48:40,155: INFO: common: YAML file config\config.yaml loaded successfully]
[2025-12-04 15:48:40,167: INFO: common: YAML file params.yaml loaded successfully]
[2025-12-04 15:48:40,168: INFO: common: created directory at: artifacts]
[2025-12-04 15:48:40,169: INFO: common: created directory at: artifacts/prepare_base_model]
[2025-12-04 15:48:41,222: WARNING: saving_api: You are saving your model as an HDF5 file via `model.save()` or `keras.saving.save_model(model)`. This file format is considered legacy. We recommend using instead the native Keras format, e.g. `model.save('my_model.keras')` or `keras.saving.save_model(model, 'my_model.keras')`. ]
[2025-12-04 15:48:41,857: WARNING: saving_api: You are saving your model as an HDF5 file via `model.save()` or `keras.saving.save_model(model)`. This file format is considered legacy. We recommend using instead the native Keras format, e.g. `model.save('my_model.keras')` or `keras.saving.save_model(model, 'my_model.keras')`. ]
[2025-12-04 15:48:42,727: INFO: main: >>>>>> Prepare Base Model completed <<<<<<

x==========x]
